[debug] ----------------------------------------------------------------------
[debug] Command:      /Users/mjvalade/.nvm/versions/node/v7.0.0/bin/node /Users/mjvalade/.nvm/versions/node/v7.0.0/bin/firebase deploy
[debug] CLI Version:  3.2.0
[debug] Platform:     darwin
[debug] Node Version: v7.0.0
[debug] Time:         Wed Nov 23 2016 14:52:21 GMT-0700 (MST)
[debug] ----------------------------------------------------------------------
[debug] 
[debug] > command requires scopes: ["email","openid","https://www.googleapis.com/auth/cloudplatformprojects.readonly","https://www.googleapis.com/auth/firebase"]
[debug] >>> HTTP REQUEST GET https://admin.firebase.com/v1/projects/mjvalade-48354 
[debug] <<< HTTP RESPONSE 200
[debug] >>> HTTP REQUEST GET https://admin.firebase.com/v1/database/mjvalade-48354/tokens 
[debug] <<< HTTP RESPONSE 200
[info] 
[info] === Deploying to 'mjvalade-48354'...
[info] 
[info] i  deploying hosting
[info] ✔  database: rules ready to deploy.
[info] i  hosting: preparing build directory for upload...
[debug] >>> HTTP REQUEST PUT https://deploy.firebase.com/v1/hosting/mjvalade-48354/uploads/-KXIADdTl5HossSxZ44r?fileCount=41&message= 
